<?xml version="1.0" encoding="UTF-8"?>
<testng-results ignored="0" total="1" passed="1" failed="0" skipped="0">
  <reporter-output>
  </reporter-output>
  <suite started-at="2022-08-08T11:24:17 IST" name="Command line suite" finished-at="2022-08-08T11:24:17 IST" duration-ms="10">
    <groups>
    </groups>
    <test started-at="2022-08-08T11:24:17 IST" name="Command line test" finished-at="2022-08-08T11:24:17 IST" duration-ms="10">
      <class name="GFG_MavenGFG_MAven.AppTest">
        <test-method signature="testApp()[pri:0, instance:testApp(GFG_MavenGFG_MAven.AppTest)]" started-at="2022-08-08T11:24:17 IST" name="testApp" finished-at="2022-08-08T11:24:17 IST" duration-ms="2" status="PASS">
          <reporter-output>
          </reporter-output>
        </test-method> <!-- testApp -->
      </class> <!-- GFG_MavenGFG_MAven.AppTest -->
    </test> <!-- Command line test -->
  </suite> <!-- Command line suite -->
</testng-results>
